<?xml version="1.0" encoding="UTF-8"?>
<testng-results skipped="0" failed="0" ignored="2" total="4" passed="2">
  <reporter-output>
  </reporter-output>
  <suite name="Regression TestSuite" duration-ms="32" started-at="2018-04-13T19:08:36Z" finished-at="2018-04-13T19:08:36Z">
    <groups>
      <group name="bikes">
        <method signature="TestNG_Grouping.testHondaCBR()[pri:0, instance:com.expedia.flightsbooking.TestNG_Grouping@246ae04d]" name="testHondaCBR" class="com.expedia.flightsbooking.TestNG_Grouping"/>
        <method signature="TestNG_Grouping.testNinja()[pri:0, instance:com.expedia.flightsbooking.TestNG_Grouping@246ae04d]" name="testNinja" class="com.expedia.flightsbooking.TestNG_Grouping"/>
      </group> <!-- bikes -->
    </groups>
    <test name="GroupsDemo" duration-ms="32" started-at="2018-04-13T19:08:36Z" finished-at="2018-04-13T19:08:36Z">
      <class name="com.expedia.flightsbooking.TestNG_Grouping">
        <test-method status="PASS" signature="beforeClass()[pri:0, instance:com.expedia.flightsbooking.TestNG_Grouping@246ae04d]" name="beforeClass" is-config="true" duration-ms="16" started-at="2018-04-13T19:08:36Z" finished-at="2018-04-13T19:08:36Z">
          <reporter-output>
          </reporter-output>
        </test-method> <!-- beforeClass -->
        <test-method status="PASS" signature="testNinja()[pri:0, instance:com.expedia.flightsbooking.TestNG_Grouping@246ae04d]" name="testNinja" duration-ms="0" started-at="2018-04-13T19:08:36Z" finished-at="2018-04-13T19:08:36Z">
          <reporter-output>
          </reporter-output>
        </test-method> <!-- testNinja -->
        <test-method status="PASS" signature="afterClass()[pri:0, instance:com.expedia.flightsbooking.TestNG_Grouping@246ae04d]" name="afterClass" is-config="true" duration-ms="0" started-at="2018-04-13T19:08:36Z" finished-at="2018-04-13T19:08:36Z">
          <reporter-output>
          </reporter-output>
        </test-method> <!-- afterClass -->
        <test-method status="PASS" signature="testHondaCBR()[pri:0, instance:com.expedia.flightsbooking.TestNG_Grouping@246ae04d]" name="testHondaCBR" duration-ms="0" started-at="2018-04-13T19:08:36Z" finished-at="2018-04-13T19:08:36Z">
          <reporter-output>
          </reporter-output>
        </test-method> <!-- testHondaCBR -->
      </class> <!-- com.expedia.flightsbooking.TestNG_Grouping -->
    </test> <!-- GroupsDemo -->
  </suite> <!-- Regression TestSuite -->
</testng-results>
