<?xml version="1.0" encoding="UTF-8"?>
<!-- Generated by org.testng.reporters.JUnitXMLReporter -->
<testsuite hostname="DESKTOP-OJGIKHE" ignored="2" name="GroupsDemo" tests="2" failures="0" timestamp="13 Apr 2018 19:08:36 GMT" time="0.032" errors="0">
  <testcase name="testHondaCBR" time="0.0" classname="com.expedia.flightsbooking.TestNG_Grouping"/>
  <testcase name="testNinja" time="0.0" classname="com.expedia.flightsbooking.TestNG_Grouping"/>
  <testcase name="testBMWX6" time="0.0" classname="com.expedia.flightsbooking.TestNG_Grouping">
    <ignored/>
  </testcase> <!-- testBMWX6 -->
  <testcase name="testAudiA6" time="0.0" classname="com.expedia.flightsbooking.TestNG_Grouping">
    <ignored/>
  </testcase> <!-- testAudiA6 -->
</testsuite> <!-- GroupsDemo -->
